<?xml version="1.0" encoding="UTF-8"?>
<!-- Generated by org.testng.reporters.JUnitXMLReporter -->
<testsuite hostname="LAPTOP-1SGJJN07" ignored="0" name="Test" tests="1" failures="1" timestamp="27 May 2018 03:48:39 GMT" time="0.046" errors="0">
  <testcase name="@AfterMethod closeApp" time="0.001" classname="week5.Wrapper">
    <failure type="java.lang.NullPointerException">
      <![CDATA[java.lang.NullPointerException
at week2.day2.wdmethods.SeMethods.closeBrowser(SeMethods.java:378)
at week5.Wrapper.closeApp(Wrapper.java:21)
... Removed 28 stack frames]]>
    </failure>
  </testcase> <!-- @AfterMethod closeApp -->
  <testcase name="login" time="0.014" classname="week5.CreateLeadFrameWork">
    <failure type="java.lang.NullPointerException">
      <![CDATA[java.lang.NullPointerException
at week2.day2.wdmethods.SeMethods.locateElement(SeMethods.java:71)
at week5.CreateLeadFrameWork.login(CreateLeadFrameWork.java:18)
... Removed 25 stack frames]]>
    </failure>
  </testcase> <!-- login -->
</testsuite> <!-- Test -->
