<?xml version="1.0" encoding="UTF-8"?>
<!-- Generated by org.testng.reporters.JUnitXMLReporter -->
<testsuite hostname="LAPTOP-1SGJJN07" ignored="0" name="Test" tests="3" failures="0" timestamp="26 May 2018 06:34:33 GMT" time="70.095" errors="0">
  <testcase name="login" time="23.273" classname="week5.CreateLeadFrameWork"/>
  <testcase name="login" time="27.432" classname="week5.CreateLeadFrameWork"/>
  <testcase name="call" time="19.344" classname="week5.DuplicateLeadFramework"/>
</testsuite> <!-- Test -->
