<?xml version="1.0" encoding="UTF-8"?>
<!-- Generated by org.testng.reporters.JUnitXMLReporter -->
<testsuite hostname="LAPTOP-1SGJJN07" ignored="0" name="Test" tests="2" failures="1" timestamp="26 May 2018 04:29:56 GMT" time="100.781" errors="0">
  <testcase name="callDelete" time="55.758" classname="week5.DeleteLeadFrameWork">
    <failure type="java.lang.RuntimeException">
      <![CDATA[java.lang.RuntimeException
at week2.day2.wdmethods.SeMethods.locateElement(SeMethods.java:117)
at week5.DeleteLeadFrameWork.callDelete(DeleteLeadFrameWork.java:45)
... Removed 25 stack frames]]>
    </failure>
  </testcase> <!-- callDelete -->
  <testcase name="login" time="44.99" classname="week5.CreateLeadFrameWork"/>
</testsuite> <!-- Test -->
