<?xml version="1.0" encoding="UTF-8"?>
<!-- Generated by org.testng.reporters.JUnitXMLReporter -->
<testsuite hostname="LAPTOP-1SGJJN07" ignored="0" name="Dataproviders" tests="2" failures="0" timestamp="22 Jul 2018 14:33:30 GMT" time="35.579" errors="0">
  <testcase name="createLead" time="6.139" classname="parametersanddataproviders.CreateLeadFrameWork"/>
  <testcase name="createLead" time="6.51" classname="parametersanddataproviders.CreateLeadFrameWork"/>
</testsuite> <!-- Dataproviders -->
