<?xml version="1.0" encoding="UTF-8"?>
<!-- Generated by org.testng.reporters.JUnitXMLReporter -->
<testsuite hostname="LAPTOP-1SGJJN07" ignored="0" name="Listerners" tests="4" failures="0" timestamp="22 Jul 2018 07:54:34 GMT" time="77.223" errors="0">
  <testcase name="createLead" time="6.119" classname="Listeners.CreateLeadFrameWork"/>
  <testcase name="createLead" time="6.3" classname="Listeners.CreateLeadFrameWork"/>
  <testcase name="createLead" time="6.317" classname="Listeners.CreateLeadFrameWork"/>
  <testcase name="createLead" time="6.033" classname="Listeners.CreateLeadFrameWork"/>
</testsuite> <!-- Listerners -->
