<?xml version="1.0" encoding="UTF-8"?>
<!-- Generated by org.testng.reporters.JUnitXMLReporter -->
<testsuite hostname="LAPTOP-1SGJJN07" ignored="0" name="Test_seq" tests="4" failures="2" timestamp="26 May 2018 17:49:16 GMT" time="88.015" errors="0">
  <testcase name="doMerge" time="12.817" classname="week5.MergeLeadFrameWork">
    <failure type="java.lang.RuntimeException">
      <![CDATA[java.lang.RuntimeException
at week2.day2.wdmethods.SeMethods.switchToWindow(SeMethods.java:323)
at week5.MergeLeadFrameWork.doMerge(MergeLeadFrameWork.java:40)
... Removed 25 stack frames]]>
    </failure>
  </testcase> <!-- doMerge -->
  <testcase name="callDelete" time="42.327" classname="week5.DeleteLeadFrameWork">
    <failure type="java.lang.RuntimeException">
      <![CDATA[java.lang.RuntimeException
at week2.day2.wdmethods.SeMethods.locateElement(SeMethods.java:118)
at week5.DeleteLeadFrameWork.callDelete(DeleteLeadFrameWork.java:47)
... Removed 25 stack frames]]>
    </failure>
  </testcase> <!-- callDelete -->
  <testcase name="call" time="17.293" classname="week5.DuplicateLeadFramework"/>
  <testcase name="login" time="15.529" classname="week5.CreateLeadFrameWork"/>
</testsuite> <!-- Test_seq -->
