<?xml version="1.0" encoding="UTF-8"?>
<!-- Generated by org.testng.reporters.JUnitXMLReporter -->
<testsuite hostname="LAPTOP-P5LSKAKC" ignored="0" name="Test" tests="1" failures="1" timestamp="11 Aug 2018 10:38:14 GMT" time="0.089" errors="0">
  <testcase name="createlead" time="0.0" classname="week5.CreateLeadFrameWork">
    <failure type="org.testng.TestNGException" message="
Method public void week5.CreateLeadFrameWork.createlead(java.lang.String,java.lang.String,java.lang.String) requires a @DataProvider named : sendData">
      <![CDATA[org.testng.TestNGException: 
Method public void week5.CreateLeadFrameWork.createlead(java.lang.String,java.lang.String,java.lang.String) requires a @DataProvider named : sendData
at java.util.concurrent.ThreadPoolExecutor.runWorker(Unknown Source)
at java.util.concurrent.ThreadPoolExecutor$Worker.run(Unknown Source)
at java.lang.Thread.run(Unknown Source)
... Removed 7 stack frames]]>
    </failure>
  </testcase> <!-- createlead -->
</testsuite> <!-- Test -->
