<?xml version="1.0" encoding="UTF-8"?>
<!-- Generated by org.testng.reporters.JUnitXMLReporter -->
<testsuite hostname="LAPTOP-1SGJJN07" ignored="0" name="Test" tests="3" failures="1" timestamp="27 May 2018 06:02:14 GMT" time="47.386" errors="0">
  <testcase name="createlead" time="39.835" classname="week5.CreateLeadFrameWork">
    <failure type="java.lang.RuntimeException">
      <![CDATA[java.lang.RuntimeException
at week2.day2.wdmethods.SeMethods.locateElement(SeMethods.java:116)
at week5.CreateLeadFrameWork.createlead(CreateLeadFrameWork.java:50)
... Removed 25 stack frames]]>
    </failure>
  </testcase> <!-- createlead -->
  <testcase name="duplicatelead" time="0.0" classname="week5.DuplicateLeadFramework">
    <skipped/>
  </testcase> <!-- duplicatelead -->
  <testcase name="deletelead" time="0.0" classname="week5.DeleteLeadFrameWork">
    <skipped/>
  </testcase> <!-- deletelead -->
</testsuite> <!-- Test -->
