<?xml version="1.0" encoding="UTF-8"?>
<testng-results skipped="0" failed="1" ignored="6" total="11" passed="4">
  <reporter-output>
  </reporter-output>
  <suite name="Suite" duration-ms="428089" started-at="2018-08-10T09:57:57Z" finished-at="2018-08-10T10:05:05Z">
    <groups>
    </groups>
    <test name="Test" duration-ms="428089" started-at="2018-08-10T09:57:57Z" finished-at="2018-08-10T10:05:05Z">
      <class name="testcases.TC_003_DeleteLead">
        <test-method status="PASS" signature="testStart()[pri:0, instance:testcases.TC_003_DeleteLead@13a5fe33]" name="testStart" is-config="true" duration-ms="6" started-at="2018-08-10T09:58:43Z" finished-at="2018-08-10T09:58:43Z">
          <reporter-output>
          </reporter-output>
        </test-method> <!-- testStart -->
        <test-method status="PASS" signature="login(java.lang.String, java.lang.String, java.lang.String)[pri:0, instance:testcases.TC_003_DeleteLead@13a5fe33]" name="login" is-config="true" duration-ms="11063" started-at="2018-08-10T09:58:43Z" finished-at="2018-08-10T09:58:54Z">
          <params>
            <param index="0">
              <value>
                <![CDATA[http://leaftaps.com/opentaps]]>
              </value>
            </param>
            <param index="1">
              <value>
                <![CDATA[DemoSalesManager]]>
              </value>
            </param>
            <param index="2">
              <value>
                <![CDATA[crmsfa]]>
              </value>
            </param>
          </params>
          <reporter-output>
          </reporter-output>
        </test-method> <!-- login -->
        <test-method status="PASS" signature="deleteLeadTestCase(java.lang.String)[pri:0, instance:testcases.TC_003_DeleteLead@13a5fe33]" name="deleteLeadTestCase" duration-ms="7023" started-at="2018-08-10T09:58:54Z" data-provider="fetchData" finished-at="2018-08-10T09:59:01Z">
          <params>
            <param index="0">
              <value>
                <![CDATA[kart]]>
              </value>
            </param>
          </params>
          <reporter-output>
          </reporter-output>
        </test-method> <!-- deleteLeadTestCase -->
        <test-method status="PASS" signature="close()[pri:0, instance:testcases.TC_003_DeleteLead@13a5fe33]" name="close" is-config="true" duration-ms="2894" started-at="2018-08-10T09:59:01Z" finished-at="2018-08-10T09:59:04Z">
          <reporter-output>
          </reporter-output>
        </test-method> <!-- close -->
      </class> <!-- testcases.TC_003_DeleteLead -->
      <class name="testcases.TC_004_EditLead">
        <test-method status="PASS" signature="testStart()[pri:0, instance:testcases.TC_004_EditLead@3108bc]" name="testStart" is-config="true" duration-ms="0" started-at="2018-08-10T09:59:04Z" finished-at="2018-08-10T09:59:04Z">
          <reporter-output>
          </reporter-output>
        </test-method> <!-- testStart -->
        <test-method status="PASS" signature="login(java.lang.String, java.lang.String, java.lang.String)[pri:0, instance:testcases.TC_004_EditLead@3108bc]" name="login" is-config="true" duration-ms="11075" started-at="2018-08-10T09:59:04Z" finished-at="2018-08-10T09:59:16Z">
          <params>
            <param index="0">
              <value>
                <![CDATA[http://leaftaps.com/opentaps]]>
              </value>
            </param>
            <param index="1">
              <value>
                <![CDATA[DemoSalesManager]]>
              </value>
            </param>
            <param index="2">
              <value>
                <![CDATA[crmsfa]]>
              </value>
            </param>
          </params>
          <reporter-output>
          </reporter-output>
        </test-method> <!-- login -->
        <test-method status="FAIL" signature="deleteLeadTestCase(java.lang.String, java.lang.String)[pri:0, instance:testcases.TC_004_EditLead@3108bc]" name="deleteLeadTestCase" duration-ms="303916" started-at="2018-08-10T09:59:16Z" data-provider="fetchData" finished-at="2018-08-10T10:04:19Z">
          <params>
            <param index="0">
              <value>
                <![CDATA[kart]]>
              </value>
            </param>
            <param index="1">
              <value>
                <![CDATA[tcs]]>
              </value>
            </param>
          </params>
          <exception class="org.openqa.selenium.NoSuchElementException">
            <message>
              <![CDATA[no such element: Unable to locate element: {"method":"link text","selector":"kart"}
  (Session info: chrome=68.0.3440.106)
  (Driver info: chromedriver=2.36.540470 (e522d04694c7ebea4ba8821272dbef4f9b818c91),platform=Windows NT 10.0.17134 x86_64) (WARNING: The server did not provide any stacktrace information)
Command duration or timeout: 0 milliseconds
For documentation on this error, please visit: http://seleniumhq.org/exceptions/no_such_element.html
Build info: version: '3.11.0', revision: 'e59cfb3', time: '2018-03-11T20:26:55.152Z'
System info: host: 'LAPTOP-P5LSKAKC', ip: '10.0.0.41', os.name: 'Windows 10', os.arch: 'amd64', os.version: '10.0', java.version: '1.8.0_171'
Driver info: org.openqa.selenium.chrome.ChromeDriver
Capabilities {acceptInsecureCerts: false, acceptSslCerts: false, applicationCacheEnabled: false, browserConnectionEnabled: false, browserName: chrome, chrome: {chromedriverVersion: 2.36.540470 (e522d04694c7eb..., userDataDir: C:\Users\kavin\AppData\Loca...}, cssSelectorsEnabled: true, databaseEnabled: false, handlesAlerts: true, hasTouchScreen: false, javascriptEnabled: true, locationContextEnabled: true, mobileEmulationEnabled: false, nativeEvents: true, networkConnectionEnabled: false, pageLoadStrategy: normal, platform: XP, platformName: XP, rotatable: false, setWindowRect: true, takesHeapSnapshot: true, takesScreenshot: true, unexpectedAlertBehaviour: , unhandledPromptBehavior: , version: 68.0.3440.106, webStorageEnabled: true}
Session ID: 7ff833cc2a8332aa46ac56f8237a1463
*** Element info: {Using=link text, value=kart}]]>
            </message>
            <full-stacktrace>
              <![CDATA[org.openqa.selenium.NoSuchElementException: no such element: Unable to locate element: {"method":"link text","selector":"kart"}
  (Session info: chrome=68.0.3440.106)
  (Driver info: chromedriver=2.36.540470 (e522d04694c7ebea4ba8821272dbef4f9b818c91),platform=Windows NT 10.0.17134 x86_64) (WARNING: The server did not provide any stacktrace information)
Command duration or timeout: 0 milliseconds
For documentation on this error, please visit: http://seleniumhq.org/exceptions/no_such_element.html
Build info: version: '3.11.0', revision: 'e59cfb3', time: '2018-03-11T20:26:55.152Z'
System info: host: 'LAPTOP-P5LSKAKC', ip: '10.0.0.41', os.name: 'Windows 10', os.arch: 'amd64', os.version: '10.0', java.version: '1.8.0_171'
Driver info: org.openqa.selenium.chrome.ChromeDriver
Capabilities {acceptInsecureCerts: false, acceptSslCerts: false, applicationCacheEnabled: false, browserConnectionEnabled: false, browserName: chrome, chrome: {chromedriverVersion: 2.36.540470 (e522d04694c7eb..., userDataDir: C:\Users\kavin\AppData\Loca...}, cssSelectorsEnabled: true, databaseEnabled: false, handlesAlerts: true, hasTouchScreen: false, javascriptEnabled: true, locationContextEnabled: true, mobileEmulationEnabled: false, nativeEvents: true, networkConnectionEnabled: false, pageLoadStrategy: normal, platform: XP, platformName: XP, rotatable: false, setWindowRect: true, takesHeapSnapshot: true, takesScreenshot: true, unexpectedAlertBehaviour: , unhandledPromptBehavior: , version: 68.0.3440.106, webStorageEnabled: true}
Session ID: 7ff833cc2a8332aa46ac56f8237a1463
*** Element info: {Using=link text, value=kart}
at sun.reflect.NativeConstructorAccessorImpl.newInstance0(Native Method)
at sun.reflect.NativeConstructorAccessorImpl.newInstance(Unknown Source)
at sun.reflect.DelegatingConstructorAccessorImpl.newInstance(Unknown Source)
at java.lang.reflect.Constructor.newInstance(Unknown Source)
at org.openqa.selenium.remote.ErrorHandler.createThrowable(ErrorHandler.java:214)
at org.openqa.selenium.remote.ErrorHandler.throwIfResponseFailed(ErrorHandler.java:166)
at org.openqa.selenium.remote.http.JsonHttpResponseCodec.reconstructValue(JsonHttpResponseCodec.java:40)
at org.openqa.selenium.remote.http.AbstractHttpResponseCodec.decode(AbstractHttpResponseCodec.java:80)
at org.openqa.selenium.remote.http.AbstractHttpResponseCodec.decode(AbstractHttpResponseCodec.java:44)
at org.openqa.selenium.remote.HttpCommandExecutor.execute(HttpCommandExecutor.java:158)
at org.openqa.selenium.remote.service.DriverCommandExecutor.execute(DriverCommandExecutor.java:83)
at org.openqa.selenium.remote.RemoteWebDriver.execute(RemoteWebDriver.java:545)
at org.openqa.selenium.remote.RemoteWebDriver.findElement(RemoteWebDriver.java:319)
at org.openqa.selenium.remote.RemoteWebDriver.findElementByLinkText(RemoteWebDriver.java:373)
at org.openqa.selenium.By$ByLinkText.findElement(By.java:246)
at org.openqa.selenium.remote.RemoteWebDriver.findElement(RemoteWebDriver.java:311)
at org.openqa.selenium.support.pagefactory.DefaultElementLocator.findElement(DefaultElementLocator.java:69)
at org.openqa.selenium.support.pagefactory.internal.LocatingElementHandler.invoke(LocatingElementHandler.java:38)
at com.sun.proxy.$Proxy14.click(Unknown Source)
at testcases.SeMethods.click(SeMethods.java:139)
at Testcases_POM.Findleadpage.clickbutton2(Findleadpage.java:45)
at testcases.TC_004_EditLead.deleteLeadTestCase(TC_004_EditLead.java:27)
at sun.reflect.NativeMethodAccessorImpl.invoke0(Native Method)
at sun.reflect.NativeMethodAccessorImpl.invoke(Unknown Source)
at sun.reflect.DelegatingMethodAccessorImpl.invoke(Unknown Source)
at java.lang.reflect.Method.invoke(Unknown Source)
at org.testng.internal.MethodInvocationHelper.invokeMethod(MethodInvocationHelper.java:124)
at org.testng.internal.Invoker.invokeMethod(Invoker.java:583)
at org.testng.internal.Invoker.invokeTestMethod(Invoker.java:719)
at org.testng.internal.Invoker.invokeTestMethods(Invoker.java:989)
at org.testng.internal.TestMethodWorker.invokeTestMethods(TestMethodWorker.java:125)
at org.testng.internal.TestMethodWorker.run(TestMethodWorker.java:109)
at org.testng.TestRunner.privateRun(TestRunner.java:648)
at org.testng.TestRunner.run(TestRunner.java:505)
at org.testng.SuiteRunner.runTest(SuiteRunner.java:455)
at org.testng.SuiteRunner.runSequentially(SuiteRunner.java:450)
at org.testng.SuiteRunner.privateRun(SuiteRunner.java:415)
at org.testng.SuiteRunner.run(SuiteRunner.java:364)
at org.testng.SuiteRunnerWorker.runSuite(SuiteRunnerWorker.java:52)
at org.testng.SuiteRunnerWorker.run(SuiteRunnerWorker.java:84)
at org.testng.TestNG.runSuitesSequentially(TestNG.java:1208)
at org.testng.TestNG.runSuitesLocally(TestNG.java:1137)
at org.testng.TestNG.runSuites(TestNG.java:1049)
at org.testng.TestNG.run(TestNG.java:1017)
at org.testng.remote.AbstractRemoteTestNG.run(AbstractRemoteTestNG.java:114)
at org.testng.remote.RemoteTestNG.initAndRun(RemoteTestNG.java:251)
at org.testng.remote.RemoteTestNG.main(RemoteTestNG.java:77)
]]>
            </full-stacktrace>
          </exception> <!-- org.openqa.selenium.NoSuchElementException -->
          <reporter-output>
          </reporter-output>
        </test-method> <!-- deleteLeadTestCase -->
        <test-method status="PASS" signature="close()[pri:0, instance:testcases.TC_004_EditLead@3108bc]" name="close" is-config="true" duration-ms="2476" started-at="2018-08-10T10:04:19Z" finished-at="2018-08-10T10:04:22Z">
          <reporter-output>
          </reporter-output>
        </test-method> <!-- close -->
      </class> <!-- testcases.TC_004_EditLead -->
      <class name="testcases.TC_006_MergeLead">
        <test-method status="PASS" signature="testStart()[pri:0, instance:testcases.TC_006_MergeLead@5f9d02cb]" name="testStart" is-config="true" duration-ms="0" started-at="2018-08-10T10:04:45Z" finished-at="2018-08-10T10:04:45Z">
          <reporter-output>
          </reporter-output>
        </test-method> <!-- testStart -->
        <test-method status="PASS" signature="login(java.lang.String, java.lang.String, java.lang.String)[pri:0, instance:testcases.TC_006_MergeLead@5f9d02cb]" name="login" is-config="true" duration-ms="10823" started-at="2018-08-10T10:04:45Z" finished-at="2018-08-10T10:04:56Z">
          <params>
            <param index="0">
              <value>
                <![CDATA[http://leaftaps.com/opentaps]]>
              </value>
            </param>
            <param index="1">
              <value>
                <![CDATA[DemoSalesManager]]>
              </value>
            </param>
            <param index="2">
              <value>
                <![CDATA[crmsfa]]>
              </value>
            </param>
          </params>
          <reporter-output>
          </reporter-output>
        </test-method> <!-- login -->
        <test-method status="PASS" signature="MergeleadTestcase(java.lang.String)[pri:0, instance:testcases.TC_006_MergeLead@5f9d02cb]" name="MergeleadTestcase" duration-ms="7105" started-at="2018-08-10T10:04:56Z" data-provider="fetchData" finished-at="2018-08-10T10:05:03Z">
          <params>
            <param index="0">
              <value>
                <![CDATA[kart]]>
              </value>
            </param>
          </params>
          <reporter-output>
          </reporter-output>
        </test-method> <!-- MergeleadTestcase -->
        <test-method status="PASS" signature="close()[pri:0, instance:testcases.TC_006_MergeLead@5f9d02cb]" name="close" is-config="true" duration-ms="2187" started-at="2018-08-10T10:05:03Z" finished-at="2018-08-10T10:05:05Z">
          <reporter-output>
          </reporter-output>
        </test-method> <!-- close -->
      </class> <!-- testcases.TC_006_MergeLead -->
      <class name="testcases.TC_001_CreateLead_TestLeaf">
        <test-method status="PASS" signature="start()[pri:0, instance:testcases.TC_001_CreateLead_TestLeaf@6d7b4f4c]" name="start" is-config="true" duration-ms="374" started-at="2018-08-10T09:57:56Z" finished-at="2018-08-10T09:57:57Z">
          <reporter-output>
          </reporter-output>
        </test-method> <!-- start -->
        <test-method status="PASS" signature="setValues()[pri:0, instance:testcases.TC_003_DeleteLead@13a5fe33]" name="setValues" is-config="true" duration-ms="0" started-at="2018-08-10T09:57:57Z" finished-at="2018-08-10T09:57:57Z">
          <reporter-output>
          </reporter-output>
        </test-method> <!-- setValues -->
        <test-method status="PASS" signature="setValues()[pri:0, instance:testcases.TC_005_DuplicateLead@370736d9]" name="setValues" is-config="true" duration-ms="0" started-at="2018-08-10T09:57:57Z" finished-at="2018-08-10T09:57:57Z">
          <reporter-output>
          </reporter-output>
        </test-method> <!-- setValues -->
        <test-method status="PASS" signature="setValues()[pri:0, instance:testcases.TC_001_CreateLead_TestLeaf@6d7b4f4c]" name="setValues" is-config="true" duration-ms="0" started-at="2018-08-10T09:57:57Z" finished-at="2018-08-10T09:57:57Z">
          <reporter-output>
          </reporter-output>
        </test-method> <!-- setValues -->
        <test-method status="PASS" signature="setValues()[pri:0, instance:testcases.TC_004_EditLead@3108bc]" name="setValues" is-config="true" duration-ms="0" started-at="2018-08-10T09:57:57Z" finished-at="2018-08-10T09:57:57Z">
          <reporter-output>
          </reporter-output>
        </test-method> <!-- setValues -->
        <test-method status="PASS" signature="setvalues()[pri:0, instance:testcases.TC_006_MergeLead@5f9d02cb]" name="setvalues" is-config="true" duration-ms="0" started-at="2018-08-10T09:57:57Z" finished-at="2018-08-10T09:57:57Z">
          <reporter-output>
          </reporter-output>
        </test-method> <!-- setvalues -->
        <test-method status="PASS" signature="setValues()[pri:0, instance:testcases.TC_002_CreateLead_Negativecase@527740a2]" name="setValues" is-config="true" duration-ms="0" started-at="2018-08-10T09:57:57Z" finished-at="2018-08-10T09:57:57Z">
          <reporter-output>
          </reporter-output>
        </test-method> <!-- setValues -->
        <test-method status="PASS" signature="testStart()[pri:0, instance:testcases.TC_001_CreateLead_TestLeaf@6d7b4f4c]" name="testStart" is-config="true" duration-ms="47" started-at="2018-08-10T09:57:57Z" finished-at="2018-08-10T09:57:57Z">
          <reporter-output>
          </reporter-output>
        </test-method> <!-- testStart -->
        <test-method status="PASS" signature="login(java.lang.String, java.lang.String, java.lang.String)[pri:0, instance:testcases.TC_001_CreateLead_TestLeaf@6d7b4f4c]" name="login" is-config="true" duration-ms="36042" started-at="2018-08-10T09:57:59Z" finished-at="2018-08-10T09:58:35Z">
          <params>
            <param index="0">
              <value>
                <![CDATA[http://leaftaps.com/opentaps]]>
              </value>
            </param>
            <param index="1">
              <value>
                <![CDATA[DemoSalesManager]]>
              </value>
            </param>
            <param index="2">
              <value>
                <![CDATA[crmsfa]]>
              </value>
            </param>
          </params>
          <reporter-output>
          </reporter-output>
        </test-method> <!-- login -->
        <test-method status="PASS" signature="createLeadTestCase(java.lang.String, java.lang.String, java.lang.String)[pri:0, instance:testcases.TC_001_CreateLead_TestLeaf@6d7b4f4c]" name="createLeadTestCase" duration-ms="6016" started-at="2018-08-10T09:58:35Z" data-provider="fetchData" finished-at="2018-08-10T09:58:41Z">
          <params>
            <param index="0">
              <value>
                <![CDATA[cts]]>
              </value>
            </param>
            <param index="1">
              <value>
                <![CDATA[kart]]>
              </value>
            </param>
            <param index="2">
              <value>
                <![CDATA[Hick]]>
              </value>
            </param>
          </params>
          <reporter-output>
          </reporter-output>
        </test-method> <!-- createLeadTestCase -->
        <test-method status="PASS" signature="close()[pri:0, instance:testcases.TC_001_CreateLead_TestLeaf@6d7b4f4c]" name="close" is-config="true" duration-ms="1934" started-at="2018-08-10T09:58:41Z" finished-at="2018-08-10T09:58:43Z">
          <reporter-output>
          </reporter-output>
        </test-method> <!-- close -->
      </class> <!-- testcases.TC_001_CreateLead_TestLeaf -->
      <class name="testcases.TC_005_DuplicateLead">
        <test-method status="PASS" signature="testStart()[pri:0, instance:testcases.TC_005_DuplicateLead@370736d9]" name="testStart" is-config="true" duration-ms="0" started-at="2018-08-10T10:04:22Z" finished-at="2018-08-10T10:04:22Z">
          <reporter-output>
          </reporter-output>
        </test-method> <!-- testStart -->
        <test-method status="PASS" signature="login(java.lang.String, java.lang.String, java.lang.String)[pri:0, instance:testcases.TC_005_DuplicateLead@370736d9]" name="login" is-config="true" duration-ms="12103" started-at="2018-08-10T10:04:22Z" finished-at="2018-08-10T10:04:34Z">
          <params>
            <param index="0">
              <value>
                <![CDATA[http://leaftaps.com/opentaps]]>
              </value>
            </param>
            <param index="1">
              <value>
                <![CDATA[DemoSalesManager]]>
              </value>
            </param>
            <param index="2">
              <value>
                <![CDATA[crmsfa]]>
              </value>
            </param>
          </params>
          <reporter-output>
          </reporter-output>
        </test-method> <!-- login -->
        <test-method status="PASS" signature="Duplicateleadtestcase(java.lang.String)[pri:0, instance:testcases.TC_005_DuplicateLead@370736d9]" name="Duplicateleadtestcase" duration-ms="8179" started-at="2018-08-10T10:04:34Z" data-provider="fetchData" finished-at="2018-08-10T10:04:43Z">
          <params>
            <param index="0">
              <value>
                <![CDATA[kart]]>
              </value>
            </param>
          </params>
          <reporter-output>
          </reporter-output>
        </test-method> <!-- Duplicateleadtestcase -->
        <test-method status="PASS" signature="close()[pri:0, instance:testcases.TC_005_DuplicateLead@370736d9]" name="close" is-config="true" duration-ms="2176" started-at="2018-08-10T10:04:43Z" finished-at="2018-08-10T10:04:45Z">
          <reporter-output>
          </reporter-output>
        </test-method> <!-- close -->
      </class> <!-- testcases.TC_005_DuplicateLead -->
    </test> <!-- Test -->
  </suite> <!-- Suite -->
</testng-results>
