<?xml version="1.0" encoding="UTF-8"?>
<testng-results skipped="0" failed="1" ignored="0" total="1" passed="0">
  <reporter-output>
  </reporter-output>
  <suite name="Suite" duration-ms="89" started-at="2018-08-11T10:38:14Z" finished-at="2018-08-11T10:38:14Z">
    <groups>
    </groups>
    <test name="Test" duration-ms="89" started-at="2018-08-11T10:38:14Z" finished-at="2018-08-11T10:38:14Z">
      <class name="week5.CreateLeadFrameWork">
        <test-method status="FAIL" signature="createlead(java.lang.String, java.lang.String, java.lang.String)[pri:0, instance:week5.CreateLeadFrameWork@31dc339b]" name="createlead" duration-ms="0" started-at="2018-08-11T10:38:14Z" data-provider="sendData" finished-at="2018-08-11T10:38:14Z">
          <exception class="org.testng.TestNGException">
            <message>
              <![CDATA[
Method public void week5.CreateLeadFrameWork.createlead(java.lang.String,java.lang.String,java.lang.String) requires a @DataProvider named : sendData]]>
            </message>
            <full-stacktrace>
              <![CDATA[org.testng.TestNGException: 
Method public void week5.CreateLeadFrameWork.createlead(java.lang.String,java.lang.String,java.lang.String) requires a @DataProvider named : sendData
at org.testng.internal.Parameters.findDataProvider(Parameters.java:513)
at org.testng.internal.Parameters.handleParameters(Parameters.java:691)
at org.testng.internal.ParameterHandler.handleParameters(ParameterHandler.java:49)
at org.testng.internal.ParameterHandler.createParameters(ParameterHandler.java:37)
at org.testng.internal.Invoker.invokeTestMethods(Invoker.java:924)
at org.testng.internal.TestMethodWorker.invokeTestMethods(TestMethodWorker.java:125)
at org.testng.internal.TestMethodWorker.run(TestMethodWorker.java:109)
at java.util.concurrent.ThreadPoolExecutor.runWorker(Unknown Source)
at java.util.concurrent.ThreadPoolExecutor$Worker.run(Unknown Source)
at java.lang.Thread.run(Unknown Source)
]]>
            </full-stacktrace>
          </exception> <!-- org.testng.TestNGException -->
          <reporter-output>
          </reporter-output>
        </test-method> <!-- createlead -->
      </class> <!-- week5.CreateLeadFrameWork -->
    </test> <!-- Test -->
  </suite> <!-- Suite -->
</testng-results>
