<?xml version="1.0" encoding="UTF-8"?>
<!-- Generated by org.testng.reporters.JUnitXMLReporter -->
<testsuite hostname="LAPTOP-1SGJJN07" ignored="0" name="lead" tests="2" failures="1" timestamp="26 May 2018 04:15:22 GMT" time="92.161" errors="0">
  <testcase name="call" time="53.57" classname="week5.DuplicateLeadFramework">
    <failure type="java.lang.RuntimeException">
      <![CDATA[java.lang.RuntimeException
at week2.day2.wdmethods.SeMethods.locateElement(SeMethods.java:117)
at week5.DuplicateLeadFramework.call(DuplicateLeadFramework.java:43)
... Removed 25 stack frames]]>
    </failure>
  </testcase> <!-- call -->
  <testcase name="login" time="38.558" classname="week5.CreateLeadFrameWork"/>
</testsuite> <!-- lead -->
